[2023-04-22T03:12:54.594+0000] {taskinstance.py:1090} INFO - Dependencies all met for dep_context=non-requeueable deps ti=<TaskInstance: download_rockets_launches.notify manual__2023-04-22T03:12:25.718299+00:00 [queued]>
[2023-04-22T03:12:54.600+0000] {taskinstance.py:1090} INFO - Dependencies all met for dep_context=requeueable deps ti=<TaskInstance: download_rockets_launches.notify manual__2023-04-22T03:12:25.718299+00:00 [queued]>
[2023-04-22T03:12:54.601+0000] {taskinstance.py:1288} INFO - 
--------------------------------------------------------------------------------
[2023-04-22T03:12:54.601+0000] {taskinstance.py:1289} INFO - Starting attempt 1 of 1
[2023-04-22T03:12:54.602+0000] {taskinstance.py:1290} INFO - 
--------------------------------------------------------------------------------
[2023-04-22T03:12:54.612+0000] {taskinstance.py:1309} INFO - Executing <Task(BashOperator): notify> on 2023-04-22 03:12:25.718299+00:00
[2023-04-22T03:12:54.616+0000] {standard_task_runner.py:55} INFO - Started process 19969 to run task
[2023-04-22T03:12:54.620+0000] {standard_task_runner.py:82} INFO - Running: ['***', 'tasks', 'run', 'download_rockets_launches', 'notify', 'manual__2023-04-22T03:12:25.718299+00:00', '--job-id', '5', '--raw', '--subdir', 'DAGS_FOLDER/download_rocket_launch.py', '--cfg-path', '/tmp/tmpqdiveiti']
[2023-04-22T03:12:54.623+0000] {standard_task_runner.py:83} INFO - Job 5: Subtask notify
[2023-04-22T03:12:54.687+0000] {task_command.py:389} INFO - Running <TaskInstance: download_rockets_launches.notify manual__2023-04-22T03:12:25.718299+00:00 [running]> on host 70ef4f0d0be6
[2023-04-22T03:12:54.749+0000] {taskinstance.py:1518} INFO - Exporting the following env vars:
AIRFLOW_CTX_DAG_OWNER=***
AIRFLOW_CTX_DAG_ID=download_rockets_launches
AIRFLOW_CTX_TASK_ID=notify
AIRFLOW_CTX_EXECUTION_DATE=2023-04-22T03:12:25.718299+00:00
AIRFLOW_CTX_TRY_NUMBER=1
AIRFLOW_CTX_DAG_RUN_ID=manual__2023-04-22T03:12:25.718299+00:00
[2023-04-22T03:12:54.751+0000] {subprocess.py:63} INFO - Tmp dir root location: 
 /tmp
[2023-04-22T03:12:54.752+0000] {subprocess.py:75} INFO - Running command: ['/bin/bash', '-c', 'echo "There are now $(ls /tmp/images/ | wc -l) images."']
[2023-04-22T03:12:54.762+0000] {subprocess.py:86} INFO - Output:
[2023-04-22T03:12:54.770+0000] {subprocess.py:93} INFO - There are now 10 images.
[2023-04-22T03:12:54.770+0000] {subprocess.py:97} INFO - Command exited with return code 0
[2023-04-22T03:12:54.798+0000] {taskinstance.py:1332} INFO - Marking task as SUCCESS. dag_id=download_rockets_launches, task_id=notify, execution_date=20230422T031225, start_date=20230422T031254, end_date=20230422T031254
[2023-04-22T03:12:54.832+0000] {local_task_job.py:212} INFO - Task exited with return code 0
[2023-04-22T03:12:54.849+0000] {taskinstance.py:2596} INFO - 0 downstream tasks scheduled from follow-on schedule check
