[2023-04-22T03:12:30.498+0000] {taskinstance.py:1090} INFO - Dependencies all met for dep_context=non-requeueable deps ti=<TaskInstance: download_rockets_launches.get_pictures manual__2023-04-22T03:12:25.718299+00:00 [queued]>
[2023-04-22T03:12:30.506+0000] {taskinstance.py:1090} INFO - Dependencies all met for dep_context=requeueable deps ti=<TaskInstance: download_rockets_launches.get_pictures manual__2023-04-22T03:12:25.718299+00:00 [queued]>
[2023-04-22T03:12:30.506+0000] {taskinstance.py:1288} INFO - 
--------------------------------------------------------------------------------
[2023-04-22T03:12:30.507+0000] {taskinstance.py:1289} INFO - Starting attempt 1 of 1
[2023-04-22T03:12:30.507+0000] {taskinstance.py:1290} INFO - 
--------------------------------------------------------------------------------
[2023-04-22T03:12:30.519+0000] {taskinstance.py:1309} INFO - Executing <Task(_PythonDecoratedOperator): get_pictures> on 2023-04-22 03:12:25.718299+00:00
[2023-04-22T03:12:30.525+0000] {standard_task_runner.py:55} INFO - Started process 19750 to run task
[2023-04-22T03:12:30.532+0000] {standard_task_runner.py:82} INFO - Running: ['***', 'tasks', 'run', 'download_rockets_launches', 'get_pictures', 'manual__2023-04-22T03:12:25.718299+00:00', '--job-id', '4', '--raw', '--subdir', 'DAGS_FOLDER/download_rocket_launch.py', '--cfg-path', '/tmp/tmpudobuak8']
[2023-04-22T03:12:30.535+0000] {standard_task_runner.py:83} INFO - Job 4: Subtask get_pictures
[2023-04-22T03:12:30.619+0000] {task_command.py:389} INFO - Running <TaskInstance: download_rockets_launches.get_pictures manual__2023-04-22T03:12:25.718299+00:00 [running]> on host 70ef4f0d0be6
[2023-04-22T03:12:30.689+0000] {taskinstance.py:1518} INFO - Exporting the following env vars:
AIRFLOW_CTX_DAG_OWNER=***
AIRFLOW_CTX_DAG_ID=download_rockets_launches
AIRFLOW_CTX_TASK_ID=get_pictures
AIRFLOW_CTX_EXECUTION_DATE=2023-04-22T03:12:25.718299+00:00
AIRFLOW_CTX_TRY_NUMBER=1
AIRFLOW_CTX_DAG_RUN_ID=manual__2023-04-22T03:12:25.718299+00:00
[2023-04-22T03:12:32.014+0000] {logging_mixin.py:137} INFO - Downloaded https://spacelaunchnow-prod-east.nyc3.digitaloceanspaces.com/media/launcher_images/pslv_image_20190520163034.jpg to /tmp/images/pslv_image_20190520163034.jpg
[2023-04-22T03:12:33.769+0000] {logging_mixin.py:137} INFO - Downloaded https://spacelaunchnow-prod-east.nyc3.digitaloceanspaces.com/media/launch_images/falcon2520925_image_20230209214919.png to /tmp/images/falcon2520925_image_20230209214919.png
[2023-04-22T03:12:35.117+0000] {logging_mixin.py:137} INFO - Downloaded https://spacelaunchnow-prod-east.nyc3.digitaloceanspaces.com/media/launcher_images/falcon_heavy_image_20220129192819.jpeg to /tmp/images/falcon_heavy_image_20220129192819.jpeg
[2023-04-22T03:12:36.826+0000] {logging_mixin.py:137} INFO - Downloaded https://spacelaunchnow-prod-east.nyc3.digitaloceanspaces.com/media/launcher_images/falcon_9_block__image_20210506060831.jpg to /tmp/images/falcon_9_block__image_20210506060831.jpg
[2023-04-22T03:12:38.413+0000] {logging_mixin.py:137} INFO - Downloaded https://spacelaunchnow-prod-east.nyc3.digitaloceanspaces.com/media/launch_images/falcon2520925_image_20230209213900.png to /tmp/images/falcon2520925_image_20230209213900.png
[2023-04-22T03:12:40.431+0000] {logging_mixin.py:137} INFO - Downloaded https://spacelaunchnow-prod-east.nyc3.digitaloceanspaces.com/media/launch_images/falcon2520925_image_20221102115051.png to /tmp/images/falcon2520925_image_20221102115051.png
[2023-04-22T03:12:42.181+0000] {logging_mixin.py:137} INFO - Downloaded https://spacelaunchnow-prod-east.nyc3.digitaloceanspaces.com/media/launch_images/falcon2520925_image_20230307143022.png to /tmp/images/falcon2520925_image_20230307143022.png
[2023-04-22T03:12:50.483+0000] {logging_mixin.py:137} INFO - Downloaded https://spacelaunchnow-prod-east.nyc3.digitaloceanspaces.com/media/launcher_images/delta_iv_heavy_image_20210426103838.jpg to /tmp/images/delta_iv_heavy_image_20210426103838.jpg
[2023-04-22T03:12:52.277+0000] {logging_mixin.py:137} INFO - Downloaded https://spacelaunchnow-prod-east.nyc3.digitaloceanspaces.com/media/launcher_images/firefly_alpha_image_20210429094607.jpg to /tmp/images/firefly_alpha_image_20210429094607.jpg
[2023-04-22T03:12:53.847+0000] {logging_mixin.py:137} INFO - Downloaded https://spacelaunchnow-prod-east.nyc3.digitaloceanspaces.com/media/launch_images/falcon2520925_image_20230401174739.png to /tmp/images/falcon2520925_image_20230401174739.png
[2023-04-22T03:12:53.849+0000] {python.py:177} INFO - Done. Returned value was: None
[2023-04-22T03:12:53.873+0000] {taskinstance.py:1332} INFO - Marking task as SUCCESS. dag_id=download_rockets_launches, task_id=get_pictures, execution_date=20230422T031225, start_date=20230422T031230, end_date=20230422T031253
[2023-04-22T03:12:53.931+0000] {local_task_job.py:212} INFO - Task exited with return code 0
[2023-04-22T03:12:53.950+0000] {taskinstance.py:2596} INFO - 0 downstream tasks scheduled from follow-on schedule check
