[2023-04-22T03:12:27.553+0000] {taskinstance.py:1090} INFO - Dependencies all met for dep_context=non-requeueable deps ti=<TaskInstance: download_rockets_launches.download_launches manual__2023-04-22T03:12:25.718299+00:00 [queued]>
[2023-04-22T03:12:27.561+0000] {taskinstance.py:1090} INFO - Dependencies all met for dep_context=requeueable deps ti=<TaskInstance: download_rockets_launches.download_launches manual__2023-04-22T03:12:25.718299+00:00 [queued]>
[2023-04-22T03:12:27.561+0000] {taskinstance.py:1288} INFO - 
--------------------------------------------------------------------------------
[2023-04-22T03:12:27.562+0000] {taskinstance.py:1289} INFO - Starting attempt 1 of 1
[2023-04-22T03:12:27.562+0000] {taskinstance.py:1290} INFO - 
--------------------------------------------------------------------------------
[2023-04-22T03:12:27.573+0000] {taskinstance.py:1309} INFO - Executing <Task(BashOperator): download_launches> on 2023-04-22 03:12:25.718299+00:00
[2023-04-22T03:12:27.578+0000] {standard_task_runner.py:55} INFO - Started process 19744 to run task
[2023-04-22T03:12:27.584+0000] {standard_task_runner.py:82} INFO - Running: ['***', 'tasks', 'run', 'download_rockets_launches', 'download_launches', 'manual__2023-04-22T03:12:25.718299+00:00', '--job-id', '3', '--raw', '--subdir', 'DAGS_FOLDER/download_rocket_launch.py', '--cfg-path', '/tmp/tmp0ao1hx4s']
[2023-04-22T03:12:27.587+0000] {standard_task_runner.py:83} INFO - Job 3: Subtask download_launches
[2023-04-22T03:12:27.662+0000] {task_command.py:389} INFO - Running <TaskInstance: download_rockets_launches.download_launches manual__2023-04-22T03:12:25.718299+00:00 [running]> on host 70ef4f0d0be6
[2023-04-22T03:12:27.726+0000] {taskinstance.py:1518} INFO - Exporting the following env vars:
AIRFLOW_CTX_DAG_OWNER=***
AIRFLOW_CTX_DAG_ID=download_rockets_launches
AIRFLOW_CTX_TASK_ID=download_launches
AIRFLOW_CTX_EXECUTION_DATE=2023-04-22T03:12:25.718299+00:00
AIRFLOW_CTX_TRY_NUMBER=1
AIRFLOW_CTX_DAG_RUN_ID=manual__2023-04-22T03:12:25.718299+00:00
[2023-04-22T03:12:27.729+0000] {subprocess.py:63} INFO - Tmp dir root location: 
 /tmp
[2023-04-22T03:12:27.730+0000] {subprocess.py:75} INFO - Running command: ['/bin/bash', '-c', "\n            curl -o /tmp/launches.json -L 'https://ll.thespacedevs.com/2.0.0/launch/upcoming'\n        "]
[2023-04-22T03:12:27.740+0000] {subprocess.py:86} INFO - Output:
[2023-04-22T03:12:27.753+0000] {subprocess.py:93} INFO -   % Total    % Received % Xferd  Average Speed   Time    Time     Time  Current
[2023-04-22T03:12:27.754+0000] {subprocess.py:93} INFO -                                  Dload  Upload   Total   Spent    Left  Speed
[2023-04-22T03:12:28.612+0000] {subprocess.py:93} INFO -   0     0    0     0    0     0      0      0 --:--:-- --:--:-- --:--:--     0  0     0    0     0    0     0      0      0 --:--:-- --:--:-- --:--:--     0
[2023-04-22T03:12:28.898+0000] {subprocess.py:93} INFO -  23 21670   23  5144    0     0   4580      0  0:00:04  0:00:01  0:00:03  4580100 21670  100 21670    0     0  18942      0  0:00:01  0:00:01 --:--:--  806k
[2023-04-22T03:12:28.906+0000] {subprocess.py:97} INFO - Command exited with return code 0
[2023-04-22T03:12:28.957+0000] {taskinstance.py:1332} INFO - Marking task as SUCCESS. dag_id=download_rockets_launches, task_id=download_launches, execution_date=20230422T031225, start_date=20230422T031227, end_date=20230422T031228
[2023-04-22T03:12:28.985+0000] {local_task_job.py:212} INFO - Task exited with return code 0
[2023-04-22T03:12:29.011+0000] {taskinstance.py:2596} INFO - 1 downstream tasks scheduled from follow-on schedule check
